Analysis & Synthesis report for DEtemp
Fri Apr 29 21:36:12 2022
Quartus Prime Version 18.1.0 Build 625 09/12/2018 SJ Lite Edition


---------------------
; Table of Contents ;
---------------------
  1. Legal Notice
  2. Analysis & Synthesis Summary
  3. Analysis & Synthesis Settings
  4. Parallel Compilation
  5. Analysis & Synthesis Source Files Read
  6. Analysis & Synthesis Resource Usage Summary
  7. Analysis & Synthesis Resource Utilization by Entity
  8. State Machine - |DEtemp|lcd16x2_ctrl:DUT|op_state
  9. State Machine - |DEtemp|lcd16x2_ctrl:DUT|state
 10. General Register Statistics
 11. Multiplexer Restructuring Statistics (Restructuring Performed)
 12. Parameter Settings for User Entity Instance: lcd16x2_ctrl:DUT
 13. Port Connectivity Checks: "lcd16x2_ctrl:DUT"
 14. Post-Synthesis Netlist Statistics for Top Partition
 15. Elapsed Time Per Partition
 16. Analysis & Synthesis Messages



----------------
; Legal Notice ;
----------------
Copyright (C) 2018  Intel Corporation. All rights reserved.
Your use of Intel Corporation's design tools, logic functions 
and other software and tools, and its AMPP partner logic 
functions, and any output files from any of the foregoing 
(including device programming or simulation files), and any 
associated documentation or information are expressly subject 
to the terms and conditions of the Intel Program License 
Subscription Agreement, the Intel Quartus Prime License Agreement,
the Intel FPGA IP License Agreement, or other applicable license
agreement, including, without limitation, that your use is for
the sole purpose of programming logic devices manufactured by
Intel and sold by Intel or its authorized distributors.  Please
refer to the applicable agreement for further details.



+----------------------------------------------------------------------------------+
; Analysis & Synthesis Summary                                                     ;
+------------------------------------+---------------------------------------------+
; Analysis & Synthesis Status        ; Successful - Fri Apr 29 21:36:12 2022       ;
; Quartus Prime Version              ; 18.1.0 Build 625 09/12/2018 SJ Lite Edition ;
; Revision Name                      ; DEtemp                                      ;
; Top-level Entity Name              ; DEtemp                                      ;
; Family                             ; Cyclone IV E                                ;
; Total logic elements               ; 204                                         ;
;     Total combinational functions  ; 203                                         ;
;     Dedicated logic registers      ; 69                                          ;
; Total registers                    ; 69                                          ;
; Total pins                         ; 13                                          ;
; Total virtual pins                 ; 0                                           ;
; Total memory bits                  ; 0                                           ;
; Embedded Multiplier 9-bit elements ; 0                                           ;
; Total PLLs                         ; 0                                           ;
+------------------------------------+---------------------------------------------+


+------------------------------------------------------------------------------------------------------------+
; Analysis & Synthesis Settings                                                                              ;
+------------------------------------------------------------------+--------------------+--------------------+
; Option                                                           ; Setting            ; Default Value      ;
+------------------------------------------------------------------+--------------------+--------------------+
; Device                                                           ; EP4CE22F17C6       ;                    ;
; Top-level entity name                                            ; DEtemp             ; DEtemp             ;
; Family name                                                      ; Cyclone IV E       ; Cyclone V          ;
; Use smart compilation                                            ; Off                ; Off                ;
; Enable parallel Assembler and Timing Analyzer during compilation ; On                 ; On                 ;
; Enable compact report table                                      ; Off                ; Off                ;
; Restructure Multiplexers                                         ; Auto               ; Auto               ;
; Create Debugging Nodes for IP Cores                              ; Off                ; Off                ;
; Preserve fewer node names                                        ; On                 ; On                 ;
; Intel FPGA IP Evaluation Mode                                    ; Enable             ; Enable             ;
; Verilog Version                                                  ; Verilog_2001       ; Verilog_2001       ;
; VHDL Version                                                     ; VHDL_1993          ; VHDL_1993          ;
; State Machine Processing                                         ; Auto               ; Auto               ;
; Safe State Machine                                               ; Off                ; Off                ;
; Extract Verilog State Machines                                   ; On                 ; On                 ;
; Extract VHDL State Machines                                      ; On                 ; On                 ;
; Ignore Verilog initial constructs                                ; Off                ; Off                ;
; Iteration limit for constant Verilog loops                       ; 5000               ; 5000               ;
; Iteration limit for non-constant Verilog loops                   ; 250                ; 250                ;
; Add Pass-Through Logic to Inferred RAMs                          ; On                 ; On                 ;
; Infer RAMs from Raw Logic                                        ; On                 ; On                 ;
; Parallel Synthesis                                               ; On                 ; On                 ;
; DSP Block Balancing                                              ; Auto               ; Auto               ;
; NOT Gate Push-Back                                               ; On                 ; On                 ;
; Power-Up Don't Care                                              ; On                 ; On                 ;
; Remove Redundant Logic Cells                                     ; Off                ; Off                ;
; Remove Duplicate Registers                                       ; On                 ; On                 ;
; Ignore CARRY Buffers                                             ; Off                ; Off                ;
; Ignore CASCADE Buffers                                           ; Off                ; Off                ;
; Ignore GLOBAL Buffers                                            ; Off                ; Off                ;
; Ignore ROW GLOBAL Buffers                                        ; Off                ; Off                ;
; Ignore LCELL Buffers                                             ; Off                ; Off                ;
; Ignore SOFT Buffers                                              ; On                 ; On                 ;
; Limit AHDL Integers to 32 Bits                                   ; Off                ; Off                ;
; Optimization Technique                                           ; Balanced           ; Balanced           ;
; Carry Chain Length                                               ; 70                 ; 70                 ;
; Auto Carry Chains                                                ; On                 ; On                 ;
; Auto Open-Drain Pins                                             ; On                 ; On                 ;
; Perform WYSIWYG Primitive Resynthesis                            ; Off                ; Off                ;
; Auto ROM Replacement                                             ; On                 ; On                 ;
; Auto RAM Replacement                                             ; On                 ; On                 ;
; Auto DSP Block Replacement                                       ; On                 ; On                 ;
; Auto Shift Register Replacement                                  ; Auto               ; Auto               ;
; Allow Shift Register Merging across Hierarchies                  ; Auto               ; Auto               ;
; Auto Clock Enable Replacement                                    ; On                 ; On                 ;
; Strict RAM Replacement                                           ; Off                ; Off                ;
; Allow Synchronous Control Signals                                ; On                 ; On                 ;
; Force Use of Synchronous Clear Signals                           ; Off                ; Off                ;
; Auto RAM Block Balancing                                         ; On                 ; On                 ;
; Auto RAM to Logic Cell Conversion                                ; Off                ; Off                ;
; Auto Resource Sharing                                            ; Off                ; Off                ;
; Allow Any RAM Size For Recognition                               ; Off                ; Off                ;
; Allow Any ROM Size For Recognition                               ; Off                ; Off                ;
; Allow Any Shift Register Size For Recognition                    ; Off                ; Off                ;
; Use LogicLock Constraints during Resource Balancing              ; On                 ; On                 ;
; Ignore translate_off and synthesis_off directives                ; Off                ; Off                ;
; Timing-Driven Synthesis                                          ; On                 ; On                 ;
; Report Parameter Settings                                        ; On                 ; On                 ;
; Report Source Assignments                                        ; On                 ; On                 ;
; Report Connectivity Checks                                       ; On                 ; On                 ;
; Ignore Maximum Fan-Out Assignments                               ; Off                ; Off                ;
; Synchronization Register Chain Length                            ; 2                  ; 2                  ;
; Power Optimization During Synthesis                              ; Normal compilation ; Normal compilation ;
; HDL message level                                                ; Level2             ; Level2             ;
; Suppress Register Optimization Related Messages                  ; Off                ; Off                ;
; Number of Removed Registers Reported in Synthesis Report         ; 5000               ; 5000               ;
; Number of Swept Nodes Reported in Synthesis Report               ; 5000               ; 5000               ;
; Number of Inverted Registers Reported in Synthesis Report        ; 100                ; 100                ;
; Clock MUX Protection                                             ; On                 ; On                 ;
; Auto Gated Clock Conversion                                      ; Off                ; Off                ;
; Block Design Naming                                              ; Auto               ; Auto               ;
; SDC constraint protection                                        ; Off                ; Off                ;
; Synthesis Effort                                                 ; Auto               ; Auto               ;
; Shift Register Replacement - Allow Asynchronous Clear Signal     ; On                 ; On                 ;
; Pre-Mapping Resynthesis Optimization                             ; Off                ; Off                ;
; Analysis & Synthesis Message Level                               ; Medium             ; Medium             ;
; Disable Register Merging Across Hierarchies                      ; Auto               ; Auto               ;
; Resource Aware Inference For Block RAM                           ; On                 ; On                 ;
+------------------------------------------------------------------+--------------------+--------------------+


+------------------------------------------+
; Parallel Compilation                     ;
+----------------------------+-------------+
; Processors                 ; Number      ;
+----------------------------+-------------+
; Number detected on machine ; 12          ;
; Maximum allowed            ; 6           ;
;                            ;             ;
; Average used               ; 1.00        ;
; Maximum used               ; 6           ;
;                            ;             ;
; Usage by Processor         ; % Time Used ;
;     Processor 1            ; 100.0%      ;
;     Processors 2-6         ;   0.0%      ;
+----------------------------+-------------+


+-----------------------------------------------------------------------------------------------------------------------------------------------------------------------------+
; Analysis & Synthesis Source Files Read                                                                                                                                      ;
+----------------------------------+-----------------+-----------------------+--------------------------------------------------------------------------------------+---------+
; File Name with User-Entered Path ; Used in Netlist ; File Type             ; File Name with Absolute Path                                                         ; Library ;
+----------------------------------+-----------------+-----------------------+--------------------------------------------------------------------------------------+---------+
; DEtemp.vhd                       ; yes             ; User VHDL File        ; E:/BUE/Semester 2 Year 2/Digital Electronics/Project/DE_Temperature/DEtemp.vhd       ;         ;
; lcd16x2_ctrl.vhd                 ; yes             ; Auto-Found VHDL File  ; E:/BUE/Semester 2 Year 2/Digital Electronics/Project/DE_Temperature/lcd16x2_ctrl.vhd ;         ;
+----------------------------------+-----------------+-----------------------+--------------------------------------------------------------------------------------+---------+


+---------------------------------------------------------+
; Analysis & Synthesis Resource Usage Summary             ;
+---------------------------------------------+-----------+
; Resource                                    ; Usage     ;
+---------------------------------------------+-----------+
; Estimated Total logic elements              ; 204       ;
;                                             ;           ;
; Total combinational functions               ; 203       ;
; Logic element usage by number of LUT inputs ;           ;
;     -- 4 input functions                    ; 93        ;
;     -- 3 input functions                    ; 31        ;
;     -- <=2 input functions                  ; 79        ;
;                                             ;           ;
; Logic elements by mode                      ;           ;
;     -- normal mode                          ; 157       ;
;     -- arithmetic mode                      ; 46        ;
;                                             ;           ;
; Total registers                             ; 69        ;
;     -- Dedicated logic registers            ; 69        ;
;     -- I/O registers                        ; 0         ;
;                                             ;           ;
; I/O pins                                    ; 13        ;
;                                             ;           ;
; Embedded Multiplier 9-bit elements          ; 0         ;
;                                             ;           ;
; Maximum fan-out node                        ; clk~input ;
; Maximum fan-out                             ; 69        ;
; Total fan-out                               ; 808       ;
; Average fan-out                             ; 2.71      ;
+---------------------------------------------+-----------+


+----------------------------------------------------------------------------------------------------------------------------------------------------------------------------------------------------------------+
; Analysis & Synthesis Resource Utilization by Entity                                                                                                                                                            ;
+----------------------------+---------------------+---------------------------+-------------+--------------+---------+-----------+------+--------------+--------------------------+--------------+--------------+
; Compilation Hierarchy Node ; Combinational ALUTs ; Dedicated Logic Registers ; Memory Bits ; DSP Elements ; DSP 9x9 ; DSP 18x18 ; Pins ; Virtual Pins ; Full Hierarchy Name      ; Entity Name  ; Library Name ;
+----------------------------+---------------------+---------------------------+-------------+--------------+---------+-----------+------+--------------+--------------------------+--------------+--------------+
; |DEtemp                    ; 203 (52)            ; 69 (28)                   ; 0           ; 0            ; 0       ; 0         ; 13   ; 0            ; |DEtemp                  ; DEtemp       ; work         ;
;    |lcd16x2_ctrl:DUT|      ; 151 (151)           ; 41 (41)                   ; 0           ; 0            ; 0       ; 0         ; 0    ; 0            ; |DEtemp|lcd16x2_ctrl:DUT ; lcd16x2_ctrl ; work         ;
+----------------------------+---------------------+---------------------------+-------------+--------------+---------+-----------+------+--------------+--------------------------+--------------+--------------+
Note: For table entries with two numbers listed, the numbers in parentheses indicate the number of resources of the given type used by the specific entity alone. The numbers listed outside of parentheses indicate the total resources of the given type used by the specific entity and all of its sub-entities in the hierarchy.


Encoding Type:  One-Hot
+---------------------------------------------------------------------------------------------------------------------------------------------------------------------------------------------------------------------------------------------+
; State Machine - |DEtemp|lcd16x2_ctrl:DUT|op_state                                                                                                                                                                                           ;
+-----------------------+---------------+-----------------------+----------------------+-------------------+-----------------------+-----------------------+----------------------+-------------------+-----------------------+---------------+
; Name                  ; op_state.DONE ; op_state.WAIT_DELAY_L ; op_state.WAIT_HOLD_L ; op_state.ENABLE_L ; op_state.WAIT_SETUP_L ; op_state.WAIT_DELAY_H ; op_state.WAIT_HOLD_H ; op_state.ENABLE_H ; op_state.WAIT_SETUP_H ; op_state.IDLE ;
+-----------------------+---------------+-----------------------+----------------------+-------------------+-----------------------+-----------------------+----------------------+-------------------+-----------------------+---------------+
; op_state.IDLE         ; 0             ; 0                     ; 0                    ; 0                 ; 0                     ; 0                     ; 0                    ; 0                 ; 0                     ; 0             ;
; op_state.WAIT_SETUP_H ; 0             ; 0                     ; 0                    ; 0                 ; 0                     ; 0                     ; 0                    ; 0                 ; 1                     ; 1             ;
; op_state.ENABLE_H     ; 0             ; 0                     ; 0                    ; 0                 ; 0                     ; 0                     ; 0                    ; 1                 ; 0                     ; 1             ;
; op_state.WAIT_HOLD_H  ; 0             ; 0                     ; 0                    ; 0                 ; 0                     ; 0                     ; 1                    ; 0                 ; 0                     ; 1             ;
; op_state.WAIT_DELAY_H ; 0             ; 0                     ; 0                    ; 0                 ; 0                     ; 1                     ; 0                    ; 0                 ; 0                     ; 1             ;
; op_state.WAIT_SETUP_L ; 0             ; 0                     ; 0                    ; 0                 ; 1                     ; 0                     ; 0                    ; 0                 ; 0                     ; 1             ;
; op_state.ENABLE_L     ; 0             ; 0                     ; 0                    ; 1                 ; 0                     ; 0                     ; 0                    ; 0                 ; 0                     ; 1             ;
; op_state.WAIT_HOLD_L  ; 0             ; 0                     ; 1                    ; 0                 ; 0                     ; 0                     ; 0                    ; 0                 ; 0                     ; 1             ;
; op_state.WAIT_DELAY_L ; 0             ; 1                     ; 0                    ; 0                 ; 0                     ; 0                     ; 0                    ; 0                 ; 0                     ; 1             ;
; op_state.DONE         ; 1             ; 0                     ; 0                    ; 0                 ; 0                     ; 0                     ; 0                    ; 0                 ; 0                     ; 1             ;
+-----------------------+---------------+-----------------------+----------------------+-------------------+-----------------------+-----------------------+----------------------+-------------------+-----------------------+---------------+


Encoding Type:  One-Hot
+-----------------------------------------------------------------------------------------------------------------------------------+
; State Machine - |DEtemp|lcd16x2_ctrl:DUT|state                                                                                    ;
+--------------------+-------------------+--------------------+-------------------+--------------------+--------------+-------------+
; Name               ; state.WRITE_LINE2 ; state.SELECT_LINE2 ; state.WRITE_LINE1 ; state.SELECT_LINE1 ; state.CONFIG ; state.RESET ;
+--------------------+-------------------+--------------------+-------------------+--------------------+--------------+-------------+
; state.RESET        ; 0                 ; 0                  ; 0                 ; 0                  ; 0            ; 0           ;
; state.CONFIG       ; 0                 ; 0                  ; 0                 ; 0                  ; 1            ; 1           ;
; state.SELECT_LINE1 ; 0                 ; 0                  ; 0                 ; 1                  ; 0            ; 1           ;
; state.WRITE_LINE1  ; 0                 ; 0                  ; 1                 ; 0                  ; 0            ; 1           ;
; state.SELECT_LINE2 ; 0                 ; 1                  ; 0                 ; 0                  ; 0            ; 1           ;
; state.WRITE_LINE2  ; 1                 ; 0                  ; 0                 ; 0                  ; 0            ; 1           ;
+--------------------+-------------------+--------------------+-------------------+--------------------+--------------+-------------+


+------------------------------------------------------+
; General Register Statistics                          ;
+----------------------------------------------+-------+
; Statistic                                    ; Value ;
+----------------------------------------------+-------+
; Total registers                              ; 69    ;
; Number of registers using Synchronous Clear  ; 1     ;
; Number of registers using Synchronous Load   ; 0     ;
; Number of registers using Asynchronous Clear ; 0     ;
; Number of registers using Asynchronous Load  ; 0     ;
; Number of registers using Clock Enable       ; 30    ;
; Number of registers using Preset             ; 0     ;
+----------------------------------------------+-------+


+-------------------------------------------------------------------------------------------------------------------------------------------------+
; Multiplexer Restructuring Statistics (Restructuring Performed)                                                                                  ;
+--------------------+-----------+---------------+----------------------+------------------------+------------+-----------------------------------+
; Multiplexer Inputs ; Bus Width ; Baseline Area ; Area if Restructured ; Saving if Restructured ; Registered ; Example Multiplexer Output        ;
+--------------------+-----------+---------------+----------------------+------------------------+------------+-----------------------------------+
; 4:1                ; 2 bits    ; 4 LEs         ; 4 LEs                ; 0 LEs                  ; Yes        ; |DEtemp|lcd16x2_ctrl:DUT|ptr[3]   ;
; 5:1                ; 3 bits    ; 9 LEs         ; 6 LEs                ; 3 LEs                  ; Yes        ; |DEtemp|lcd16x2_ctrl:DUT|cnt[14]  ;
; 5:1                ; 2 bits    ; 6 LEs         ; 4 LEs                ; 2 LEs                  ; Yes        ; |DEtemp|lcd16x2_ctrl:DUT|cnt[13]  ;
; 7:1                ; 5 bits    ; 20 LEs        ; 10 LEs               ; 10 LEs                 ; Yes        ; |DEtemp|lcd16x2_ctrl:DUT|cnt[9]   ;
; 3:1                ; 7 bits    ; 14 LEs        ; 14 LEs               ; 0 LEs                  ; No         ; |DEtemp|lcd16x2_ctrl:DUT|op_state ;
+--------------------+-----------+---------------+----------------------+------------------------+------------+-----------------------------------+


+---------------------------------------------------------------+
; Parameter Settings for User Entity Instance: lcd16x2_ctrl:DUT ;
+----------------+-------+--------------------------------------+
; Parameter Name ; Value ; Type                                 ;
+----------------+-------+--------------------------------------+
; clk_period_ns  ; 10    ; Signed Integer                       ;
+----------------+-------+--------------------------------------+
Note: In order to hide this table in the UI and the text report file, please set the "Show Parameter Settings in Synthesis Report" option in "Analysis and Synthesis Settings -> More Settings" to "Off".


+----------------------------------------------------------+
; Port Connectivity Checks: "lcd16x2_ctrl:DUT"             ;
+------------------------+-------+----------+--------------+
; Port                   ; Type  ; Severity ; Details      ;
+------------------------+-------+----------+--------------+
; rst                    ; Input ; Info     ; Stuck at GND ;
; line1_buffer[74..73]   ; Input ; Info     ; Stuck at VCC ;
; line1_buffer[45..44]   ; Input ; Info     ; Stuck at VCC ;
; line1_buffer[127..126] ; Input ; Info     ; Stuck at GND ;
; line1_buffer[123..118] ; Input ; Info     ; Stuck at GND ;
; line1_buffer[115..113] ; Input ; Info     ; Stuck at GND ;
; line1_buffer[104..103] ; Input ; Info     ; Stuck at GND ;
; line1_buffer[89..87]   ; Input ; Info     ; Stuck at GND ;
; line1_buffer[71..70]   ; Input ; Info     ; Stuck at GND ;
; line1_buffer[40..39]   ; Input ; Info     ; Stuck at GND ;
; line1_buffer[25..22]   ; Input ; Info     ; Stuck at GND ;
; line1_buffer[15..14]   ; Input ; Info     ; Stuck at GND ;
; line1_buffer[8..6]     ; Input ; Info     ; Stuck at GND ;
; line1_buffer[125]      ; Input ; Info     ; Stuck at VCC ;
; line1_buffer[117]      ; Input ; Info     ; Stuck at VCC ;
; line1_buffer[111]      ; Input ; Info     ; Stuck at GND ;
; line1_buffer[106]      ; Input ; Info     ; Stuck at GND ;
; line1_buffer[101]      ; Input ; Info     ; Stuck at VCC ;
; line1_buffer[99]       ; Input ; Info     ; Stuck at GND ;
; line1_buffer[96]       ; Input ; Info     ; Stuck at VCC ;
; line1_buffer[95]       ; Input ; Info     ; Stuck at GND ;
; line1_buffer[93]       ; Input ; Info     ; Stuck at VCC ;
; line1_buffer[90]       ; Input ; Info     ; Stuck at VCC ;
; line1_buffer[85]       ; Input ; Info     ; Stuck at VCC ;
; line1_buffer[82]       ; Input ; Info     ; Stuck at VCC ;
; line1_buffer[81]       ; Input ; Info     ; Stuck at GND ;
; line1_buffer[79]       ; Input ; Info     ; Stuck at GND ;
; line1_buffer[77]       ; Input ; Info     ; Stuck at VCC ;
; line1_buffer[69]       ; Input ; Info     ; Stuck at VCC ;
; line1_buffer[67]       ; Input ; Info     ; Stuck at GND ;
; line1_buffer[63]       ; Input ; Info     ; Stuck at GND ;
; line1_buffer[60]       ; Input ; Info     ; Stuck at VCC ;
; line1_buffer[55]       ; Input ; Info     ; Stuck at GND ;
; line1_buffer[53]       ; Input ; Info     ; Stuck at VCC ;
; line1_buffer[51]       ; Input ; Info     ; Stuck at VCC ;
; line1_buffer[48]       ; Input ; Info     ; Stuck at VCC ;
; line1_buffer[47]       ; Input ; Info     ; Stuck at GND ;
; line1_buffer[42]       ; Input ; Info     ; Stuck at GND ;
; line1_buffer[41]       ; Input ; Info     ; Stuck at VCC ;
; line1_buffer[37]       ; Input ; Info     ; Stuck at VCC ;
; line1_buffer[35]       ; Input ; Info     ; Stuck at VCC ;
; line1_buffer[31]       ; Input ; Info     ; Stuck at GND ;
; line1_buffer[29]       ; Input ; Info     ; Stuck at VCC ;
; line1_buffer[26]       ; Input ; Info     ; Stuck at VCC ;
; line1_buffer[21]       ; Input ; Info     ; Stuck at VCC ;
; line1_buffer[17]       ; Input ; Info     ; Stuck at GND ;
; line1_buffer[16]       ; Input ; Info     ; Stuck at VCC ;
; line1_buffer[13]       ; Input ; Info     ; Stuck at VCC ;
; line1_buffer[5]        ; Input ; Info     ; Stuck at VCC ;
; line2_buffer[74..73]   ; Input ; Info     ; Stuck at VCC ;
; line2_buffer[45..44]   ; Input ; Info     ; Stuck at VCC ;
; line2_buffer[127..126] ; Input ; Info     ; Stuck at GND ;
; line2_buffer[123..118] ; Input ; Info     ; Stuck at GND ;
; line2_buffer[115..113] ; Input ; Info     ; Stuck at GND ;
; line2_buffer[104..103] ; Input ; Info     ; Stuck at GND ;
; line2_buffer[89..87]   ; Input ; Info     ; Stuck at GND ;
; line2_buffer[71..70]   ; Input ; Info     ; Stuck at GND ;
; line2_buffer[40..39]   ; Input ; Info     ; Stuck at GND ;
; line2_buffer[25..22]   ; Input ; Info     ; Stuck at GND ;
; line2_buffer[15..14]   ; Input ; Info     ; Stuck at GND ;
; line2_buffer[8..6]     ; Input ; Info     ; Stuck at GND ;
; line2_buffer[125]      ; Input ; Info     ; Stuck at VCC ;
; line2_buffer[117]      ; Input ; Info     ; Stuck at VCC ;
; line2_buffer[111]      ; Input ; Info     ; Stuck at GND ;
; line2_buffer[106]      ; Input ; Info     ; Stuck at GND ;
; line2_buffer[101]      ; Input ; Info     ; Stuck at VCC ;
; line2_buffer[99]       ; Input ; Info     ; Stuck at GND ;
; line2_buffer[96]       ; Input ; Info     ; Stuck at VCC ;
; line2_buffer[95]       ; Input ; Info     ; Stuck at GND ;
; line2_buffer[93]       ; Input ; Info     ; Stuck at VCC ;
; line2_buffer[90]       ; Input ; Info     ; Stuck at VCC ;
; line2_buffer[85]       ; Input ; Info     ; Stuck at VCC ;
; line2_buffer[82]       ; Input ; Info     ; Stuck at VCC ;
; line2_buffer[81]       ; Input ; Info     ; Stuck at GND ;
; line2_buffer[79]       ; Input ; Info     ; Stuck at GND ;
; line2_buffer[77]       ; Input ; Info     ; Stuck at VCC ;
; line2_buffer[69]       ; Input ; Info     ; Stuck at VCC ;
; line2_buffer[67]       ; Input ; Info     ; Stuck at GND ;
; line2_buffer[63]       ; Input ; Info     ; Stuck at GND ;
; line2_buffer[60]       ; Input ; Info     ; Stuck at VCC ;
; line2_buffer[55]       ; Input ; Info     ; Stuck at GND ;
; line2_buffer[53]       ; Input ; Info     ; Stuck at VCC ;
; line2_buffer[51]       ; Input ; Info     ; Stuck at VCC ;
; line2_buffer[48]       ; Input ; Info     ; Stuck at VCC ;
; line2_buffer[47]       ; Input ; Info     ; Stuck at GND ;
; line2_buffer[42]       ; Input ; Info     ; Stuck at GND ;
; line2_buffer[41]       ; Input ; Info     ; Stuck at VCC ;
; line2_buffer[37]       ; Input ; Info     ; Stuck at VCC ;
; line2_buffer[35]       ; Input ; Info     ; Stuck at VCC ;
; line2_buffer[31]       ; Input ; Info     ; Stuck at GND ;
; line2_buffer[29]       ; Input ; Info     ; Stuck at VCC ;
; line2_buffer[26]       ; Input ; Info     ; Stuck at VCC ;
; line2_buffer[21]       ; Input ; Info     ; Stuck at VCC ;
; line2_buffer[17]       ; Input ; Info     ; Stuck at GND ;
; line2_buffer[16]       ; Input ; Info     ; Stuck at VCC ;
; line2_buffer[13]       ; Input ; Info     ; Stuck at VCC ;
; line2_buffer[5]        ; Input ; Info     ; Stuck at VCC ;
+------------------------+-------+----------+--------------+


+-----------------------------------------------------+
; Post-Synthesis Netlist Statistics for Top Partition ;
+-----------------------+-----------------------------+
; Type                  ; Count                       ;
+-----------------------+-----------------------------+
; boundary_port         ; 13                          ;
; cycloneiii_ff         ; 69                          ;
;     ENA               ; 30                          ;
;     SCLR              ; 1                           ;
;     plain             ; 38                          ;
; cycloneiii_lcell_comb ; 205                         ;
;     arith             ; 46                          ;
;         2 data inputs ; 46                          ;
;     normal            ; 159                         ;
;         0 data inputs ; 1                           ;
;         1 data inputs ; 3                           ;
;         2 data inputs ; 31                          ;
;         3 data inputs ; 31                          ;
;         4 data inputs ; 93                          ;
;                       ;                             ;
; Max LUT depth         ; 6.00                        ;
; Average LUT depth     ; 3.82                        ;
+-----------------------+-----------------------------+


+-------------------------------+
; Elapsed Time Per Partition    ;
+----------------+--------------+
; Partition Name ; Elapsed Time ;
+----------------+--------------+
; Top            ; 00:00:00     ;
+----------------+--------------+


+-------------------------------+
; Analysis & Synthesis Messages ;
+-------------------------------+
Info: *******************************************************************
Info: Running Quartus Prime Analysis & Synthesis
    Info: Version 18.1.0 Build 625 09/12/2018 SJ Lite Edition
    Info: Processing started: Fri Apr 29 21:36:01 2022
Info: Command: quartus_map --read_settings_files=on --write_settings_files=off DEtemp -c DEtemp
Warning (18236): Number of processors has not been specified which may cause overloading on shared machines.  Set the global assignment NUM_PARALLEL_PROCESSORS in your QSF to an appropriate value for best performance.
Info (20030): Parallel compilation is enabled and will use 6 of the 6 processors detected
Info (12021): Found 2 design units, including 1 entities, in source file detemp.vhd
    Info (12022): Found design unit 1: DEtemp-arch File: E:/BUE/Semester 2 Year 2/Digital Electronics/Project/DE_Temperature/DEtemp.vhd Line: 22
    Info (12023): Found entity 1: DEtemp File: E:/BUE/Semester 2 Year 2/Digital Electronics/Project/DE_Temperature/DEtemp.vhd Line: 6
Info (12127): Elaborating entity "DEtemp" for the top level hierarchy
Warning (10541): VHDL Signal Declaration warning at DEtemp.vhd(13): used implicit default value for signal "rledo" because signal was never assigned a value or an explicit default value. Use of implicit default value may introduce unintended design optimizations. File: E:/BUE/Semester 2 Year 2/Digital Electronics/Project/DE_Temperature/DEtemp.vhd Line: 13
Warning (10541): VHDL Signal Declaration warning at DEtemp.vhd(14): used implicit default value for signal "gledo" because signal was never assigned a value or an explicit default value. Use of implicit default value may introduce unintended design optimizations. File: E:/BUE/Semester 2 Year 2/Digital Electronics/Project/DE_Temperature/DEtemp.vhd Line: 14
Warning (10541): VHDL Signal Declaration warning at DEtemp.vhd(16): used implicit default value for signal "din" because signal was never assigned a value or an explicit default value. Use of implicit default value may introduce unintended design optimizations. File: E:/BUE/Semester 2 Year 2/Digital Electronics/Project/DE_Temperature/DEtemp.vhd Line: 16
Warning (10541): VHDL Signal Declaration warning at DEtemp.vhd(17): used implicit default value for signal "cs1" because signal was never assigned a value or an explicit default value. Use of implicit default value may introduce unintended design optimizations. File: E:/BUE/Semester 2 Year 2/Digital Electronics/Project/DE_Temperature/DEtemp.vhd Line: 17
Warning (12125): Using design file lcd16x2_ctrl.vhd, which is not specified as a design file for the current project, but contains definitions for 2 design units and 1 entities in project
    Info (12022): Found design unit 1: lcd16x2_ctrl-rtl File: E:/BUE/Semester 2 Year 2/Digital Electronics/Project/DE_Temperature/lcd16x2_ctrl.vhd Line: 44
    Info (12023): Found entity 1: lcd16x2_ctrl File: E:/BUE/Semester 2 Year 2/Digital Electronics/Project/DE_Temperature/lcd16x2_ctrl.vhd Line: 27
Info (12128): Elaborating entity "lcd16x2_ctrl" for hierarchy "lcd16x2_ctrl:DUT" File: E:/BUE/Semester 2 Year 2/Digital Electronics/Project/DE_Temperature/DEtemp.vhd Line: 56
Warning (13024): Output pins are stuck at VCC or GND
    Warning (13410): Pin "rledo" is stuck at GND File: E:/BUE/Semester 2 Year 2/Digital Electronics/Project/DE_Temperature/DEtemp.vhd Line: 13
    Warning (13410): Pin "gledo" is stuck at GND File: E:/BUE/Semester 2 Year 2/Digital Electronics/Project/DE_Temperature/DEtemp.vhd Line: 14
    Warning (13410): Pin "din" is stuck at GND File: E:/BUE/Semester 2 Year 2/Digital Electronics/Project/DE_Temperature/DEtemp.vhd Line: 16
    Warning (13410): Pin "cs1" is stuck at GND File: E:/BUE/Semester 2 Year 2/Digital Electronics/Project/DE_Temperature/DEtemp.vhd Line: 17
    Warning (13410): Pin "rwf" is stuck at GND File: E:/BUE/Semester 2 Year 2/Digital Electronics/Project/DE_Temperature/DEtemp.vhd Line: 19
Info (286030): Timing-Driven Synthesis is running
Info (16010): Generating hard_block partition "hard_block:auto_generated_inst"
    Info (16011): Adding 0 node(s), including 0 DDIO, 0 PLL, 0 transceiver and 0 LCELL
Warning (21074): Design contains 1 input pin(s) that do not drive logic
    Warning (15610): No output dependent on input pin "dout" File: E:/BUE/Semester 2 Year 2/Digital Electronics/Project/DE_Temperature/DEtemp.vhd Line: 15
Info (21057): Implemented 217 device resources after synthesis - the final resource count might be different
    Info (21058): Implemented 2 input pins
    Info (21059): Implemented 11 output pins
    Info (21061): Implemented 204 logic cells
Info: Quartus Prime Analysis & Synthesis was successful. 0 errors, 14 warnings
    Info: Peak virtual memory: 4801 megabytes
    Info: Processing ended: Fri Apr 29 21:36:12 2022
    Info: Elapsed time: 00:00:11
    Info: Total CPU time (on all processors): 00:00:08


